1671473978755	53792b48-94d1-4d43-b1d2-e881710e0466	POST	/auth	undefined
1671474080942	9aab00f9-927a-4c72-84e5-46078a6b10a3	POST	/auth	undefined
1671474394439	07d4bff4-bae2-466e-bfc3-3baaf4e437fa	DELETE	/user	undefined
1671474540649	a0a0cc43-f392-4270-a1e5-9f61dd4d161f	DELETE	/user	undefined
1671475079064	0a1c4242-487e-47e0-8e70-81d0b26379b3	POST	/auth	undefined
1671475082840	79101f0e-2485-448b-b1d3-10e8e15079cc	PUT	/user	undefined
1671475195678	9afccaa0-04ec-4eb0-ab6f-720cc8b2cc37	DELETE	/user	undefined
1671480152300	c8eeb58b-715e-4899-8e73-78e31ad1db30	POST	/auth	undefined
1671491842543	6b64b773-6d1f-413b-9658-df7de647427a	OPTIONS	/auth	http://localhost:5173
1671491842595	ea9a48ea-d8d3-4fdc-8ba6-e39367312c8a	POST	/auth	http://localhost:5173
1671491843638	f1e802f5-2e6b-40ec-a08c-cdec8684fa6b	POST	/auth	http://localhost:5173
1671492321001	5d1162ff-db16-400b-9556-a9c79e0e624e	OPTIONS	/auth	http://localhost:5173
1671492321032	9491c836-1002-4486-85bd-16212507afe4	POST	/auth	http://localhost:5173
1671492321403	229bab2e-a6cd-4e21-96aa-0f15578189af	POST	/auth	http://localhost:5173
1671492481182	e1ff9ff3-f2ee-4a0e-ab88-7580d493d87c	OPTIONS	/auth	http://localhost:5173
1671492481191	ba638516-a1bf-43fa-a6e8-b53dbb3aaac4	POST	/auth	http://localhost:5173
1671492481604	71541011-7fd2-484d-b244-3a2a9bbb7ee0	POST	/auth	http://localhost:5173
1671493585649	fad64a41-5435-4efa-b88a-2704b74e6b4c	OPTIONS	/auth	http://localhost:5173
1671493585659	2014b401-9859-4364-b339-a67860f7c81c	POST	/auth	http://localhost:5173
1671493585908	c681ff81-2041-4e2c-bcc2-53eb1c104313	POST	/auth	http://localhost:5173
1671493978835	1c3bf6d8-92c6-4c03-a751-e73bb2863c6a	OPTIONS	/auth	http://localhost:5173
1671493978846	89686750-fc2c-46ce-bf73-5fcdc788a4b1	POST	/auth	http://localhost:5173
1671493979164	78855522-4e60-485a-829e-bb30103c5d2d	POST	/auth	http://localhost:5173
1671495373710	7d3008e8-3a0f-4d87-bff1-f1d1b4adbc91	OPTIONS	/auth	http://localhost:5173
1671495373727	4e2611ac-d16d-4f3c-84df-f279a422d92c	POST	/auth	http://localhost:5173
1671495374192	d6b78b4f-50aa-464a-a191-fa35ab99ac61	POST	/auth	http://localhost:5173
1671496107850	fe89a6c6-4acc-4546-a91d-1c1b8249c115	OPTIONS	/auth	http://localhost:5173
1671496107886	a4dfbe81-52fc-4075-9d9c-162888eca399	POST	/auth	http://localhost:5173
1671496108208	714f29eb-6071-4d8a-bb76-d8e1c588b743	POST	/auth	http://localhost:5173
1671498452955	322ea3ad-10de-4fec-bcab-d39988e80300	OPTIONS	/auth	http://localhost:5173
1671498453011	012d8754-ee3a-47fc-8990-8c8bbe35d793	POST	/auth	http://localhost:5173
1671498453566	e8081e89-54f5-498a-835d-f483e72b92ab	POST	/auth	http://localhost:5173
1671498679200	077cbc4d-6115-445a-b6f7-2c8fdc0ff524	OPTIONS	/auth	http://localhost:5173
1671498679218	52dec641-85ca-498b-96c8-05db72dc2c79	POST	/auth	http://localhost:5173
1671499595096	be3d47fe-2832-45f1-9b66-6094bb97e291	OPTIONS	/auth	http://localhost:5173
1671499595119	9250591f-b71f-437c-9ef6-92b69f541b4d	POST	/auth	http://localhost:5173
1671499595512	d5158638-a3fb-4a70-9d02-cc597ca5ba87	POST	/auth	http://localhost:5173
1671499981550	14e698e0-f7d5-4a4d-b10b-d6f878117c7c	OPTIONS	/auth	http://localhost:5173
1671499981583	59e23991-6c28-40b7-8772-3866a176a2d1	POST	/auth	http://localhost:5173
1671500062870	387864fa-914b-4100-b102-a5329cac1836	OPTIONS	/auth	http://localhost:5173
1671500062877	5eaac395-b333-4633-8235-329bdbf9e628	POST	/auth	http://localhost:5173
1671500285017	7f752bcc-8de7-42ce-a5b0-fb8ca342b207	OPTIONS	/auth	http://localhost:5173
1671500285033	f732d700-38b7-4504-9655-5fa159c7796e	POST	/auth	http://localhost:5173
1671500540242	007f4f3b-a0da-4084-9253-ca180ff342cb	OPTIONS	/auth	http://localhost:5173
1671500540253	03e81ae1-acc1-4df1-8be3-0c099164fce9	POST	/auth	http://localhost:5173
1671500597244	a1ab9854-e68a-4867-9655-98b683cc5247	OPTIONS	/auth	http://localhost:5173
1671500597255	223707ed-f64b-4c72-9557-c6c1d25f8122	POST	/auth	http://localhost:5173
1671500841206	d585c00f-b95a-4d86-b280-ac470aee8cc3	OPTIONS	/auth	http://localhost:5173
1671500841254	e1bdef2d-099d-4fb1-a42c-5a00b7a4b70b	POST	/auth	http://localhost:5173
1671501244688	72fabdfe-ea4a-4512-8799-9e55e72bce70	OPTIONS	/auth	http://localhost:5173
1671501244698	d99a67f3-1a31-45b4-a218-028c82b0e14d	POST	/auth	http://localhost:5173
1671501368836	5a5b3c34-780c-4f10-ac42-7fe6a501cd24	OPTIONS	/auth	http://localhost:5173
1671501368843	0d0b218d-efab-4882-83e1-dea13fa552fd	POST	/auth	http://localhost:5173
1671501657937	f65c3c15-55c4-4a17-93ac-9ce5378063ea	OPTIONS	/auth	http://localhost:5173
1671501657969	5265944e-0334-4f5e-acc1-3c4d9924d7f9	POST	/auth	http://localhost:5173
1671502836408	3aab0baa-8663-4b22-9e42-1b182b2c0532	OPTIONS	/auth	http://localhost:5173
1671502836432	fa580aad-949b-40e3-8a51-d449316c55d3	POST	/auth	http://localhost:5173
1671503046680	54078b91-0921-4d96-a84b-cbc580b864af	OPTIONS	/auth	http://localhost:5173
1671503046689	26025468-d788-4aab-a217-c75e9940eef0	POST	/auth	http://localhost:5173
1671503144237	5afabe62-31ed-45a7-bb5c-759453f37b07	OPTIONS	/auth	http://localhost:5173
1671503144251	82be3f88-dfd9-42b9-9a45-45ea66e78fcb	POST	/auth	http://localhost:5173
1671503282481	45827f6f-f42c-468e-8f28-5fce1479a2f0	OPTIONS	/auth	http://localhost:5173
1671503282491	b51786d4-b98c-4f93-a1d0-76ff737cba25	POST	/auth	http://localhost:5173
